[webhook] 2025/07/21 05:41:33 [829a81] incoming HTTP POST request from 127.0.0.1:46792
[webhook] 2025/07/21 05:41:33 [829a81] ramboq-deploy got matched
[webhook] 2025/07/21 05:41:33 [829a81] ramboq-deploy hook triggered successfully
[webhook] 2025/07/21 05:41:33 [829a81] 200 | 0 B | 3.976909ms | www.ramboq.com | POST /hooks/ramboq-deploy
[webhook] 2025/07/21 05:41:33 [829a81] error extracting command arguments for environment: couldn't retrieve argument for {Source:header Name:X-Hub-Signature-256 EnvName:HTTP_X_HUB_SIGNATURE_256 Base64Decode:false}
[webhook] 2025/07/21 05:41:33 [829a81] executing /opt/ramboq/webhook/deploy.sh (/opt/ramboq/webhook/deploy.sh) with arguments ["/opt/ramboq/webhook/deploy.sh"] and environment [HTTP_X_GITHUB_EVENT=push] using /opt/ramboq as cwd
[webhook] 2025/07/21 05:41:37 [829a81] command output: 
[webhook] 2025/07/21 05:41:37 [829a81] finished handling ramboq-deploy
[webhook] 2025/07/21 05:45:28 caught terminated signal; exiting
[webhook] 2025/07/21 05:45:28 version 2.8.0 starting
[webhook] 2025/07/21 05:45:28 setting up os signal watcher
[webhook] 2025/07/21 05:45:28 attempting to load hooks from /opt/ramboq/webhook/hooks.json
[webhook] 2025/07/21 05:45:28 os signal watcher ready
[webhook] 2025/07/21 05:45:28 found 2 hook(s) in file
[webhook] 2025/07/21 05:45:28 	loaded: ramboq-deploy
[webhook] 2025/07/21 05:45:28 	loaded: log-incoming
[webhook] 2025/07/21 05:45:28 serving hooks on http://0.0.0.0:9001/hooks/{id}
[webhook] 2025/07/21 05:45:33 [d71135] incoming HTTP POST request from 127.0.0.1:49278
[webhook] 2025/07/21 05:45:33 [d71135] ramboq-deploy got matched
[webhook] 2025/07/21 05:45:33 [d71135] error evaluating hook: no source for value retrieval
[webhook] 2025/07/21 05:45:33 [d71135] 500 | 43 B | 552.309µs | www.ramboq.com | POST /hooks/ramboq-deploy
